Sort  (cost=40.63..40.68 rows=20 width=27) (actual time=0.382..0.387 rows=21 loops=1)
  Sort Key: s.start_time
  Sort Method: quicksort  Memory: 26kB
  ->  Hash Join  (cost=2.75..40.20 rows=20 width=27) (actual time=0.072..0.362 rows=21 loops=1)
        Hash Cond: (m.id = s.movie_id)
        ->  Seq Scan on movie m  (cost=0.00..31.00 rows=1000 width=23) (actual time=0.023..0.163 rows=1000 loops=1)
        ->  Hash  (cost=2.50..2.50 rows=20 width=12) (actual time=0.036..0.037 rows=21 loops=1)
              Buckets: 1024  Batches: 1  Memory Usage: 9kB
              ->  Seq Scan on session s  (cost=0.00..2.50 rows=20 width=12) (actual time=0.010..0.026 rows=21 loops=1)
                    Filter: ((start_time >= '2024-03-21 00:00:00'::timestamp without time zone) AND (start_time < '2024-03-28 00:00:00'::timestamp without time zone))
                    Rows Removed by Filter: 79
Planning Time: 0.665 ms
Execution Time: 0.425 ms
