Group  (cost=73916.52..75226.18 rows=87311 width=535)
"  Group Key: st.number, h.id, st.""row"", st.type, ((NOT t.is_sold))"
  ->  Sort  (cost=73916.52..74134.79 rows=87311 width=535)
"        Sort Key: st.number, h.id, st.""row"", st.type, ((NOT t.is_sold))"
        ->  Nested Loop Left Join  (cost=1.46..45859.46 rows=87311 width=535)
              ->  Nested Loop Left Join  (cost=1.02..4520.45 rows=87311 width=539)
                    ->  Nested Loop  (cost=0.58..25.72 rows=7 width=538)
                          Join Filter: (s.hall_id = st.hall_id)
                          ->  Nested Loop  (cost=0.43..17.99 rows=1 width=524)
                                Join Filter: (s.movie_id = mp.movie_id)
                                ->  Nested Loop  (cost=0.43..16.58 rows=1 width=528)
                                      ->  Index Scan using session_pkey on session s  (cost=0.29..8.31 rows=1 width=8)
                                            Index Cond: (id = 1)
                                      ->  Index Scan using hall_pkey on hall h  (cost=0.14..8.16 rows=1 width=520)
                                            Index Cond: (id = s.hall_id)
                                ->  Seq Scan on movie_price mp  (cost=0.00..1.18 rows=18 width=4)
                          ->  Index Scan using fk_seat_hall_hall_id on seat st  (cost=0.15..4.68 rows=244 width=22)
                                Index Cond: (hall_id = h.id)
                    ->  Index Scan using fk_session_seat_seat_id on ticket t  (cost=0.43..517.37 rows=12473 width=9)
                          Index Cond: (seat_id = st.id)
              ->  Index Only Scan using fk_ticket_ticket_sale_ticket_id on ticket_sale ts  (cost=0.43..0.46 rows=1 width=4)
                    Index Cond: (ticket_id = t.id)
